# JRE version: Java(TM) SE Runtime Environment (8.0_151-b12) (build 1.8.0_151-b12)
# Java VM: Java HotSpot(TM) 64-Bit Server VM (25.151-b12 mixed mode windows-amd64 compressed oops)
Heap:
 PSYoungGen      total 211456K, used 24262K [0x00000000eda00000, 0x00000000fd100000, 0x0000000100000000)
  eden space 197632K, 5% used [0x00000000eda00000,0x00000000ee46b848,0x00000000f9b00000)
  from space 13824K, 98% used [0x00000000fc380000,0x00000000fd0c6228,0x00000000fd100000)
  to   space 17408K, 0% used [0x00000000faf00000,0x00000000faf00000,0x00000000fc000000)
 ParOldGen       total 60416K, used 27241K [0x00000000c8e00000, 0x00000000cc900000, 0x00000000eda00000)
  object space 60416K, 45% used [0x00000000c8e00000,0x00000000ca89a7e8,0x00000000cc900000)
 Metaspace       used 38464K, capacity 39798K, committed 40192K, reserved 1083392K
  class space    used 4976K, capacity 5261K, committed 5376K, reserved 1048576K
GC Heap History (10 events):
Event: 250793.453 GC heap before
{Heap before GC invocations=29 (full 3):
 PSYoungGen      total 246784K, used 246272K [0x00000000eda00000, 0x00000000fef80000, 0x0000000100000000)
  eden space 246272K, 100% used [0x00000000eda00000,0x00000000fca80000,0x00000000fca80000)
  from space 512K, 0% used [0x00000000fd580000,0x00000000fd580000,0x00000000fd600000)
  to   space 16384K, 0% used [0x00000000fdf80000,0x00000000fdf80000,0x00000000fef80000)
 ParOldGen       total 60416K, used 22718K [0x00000000c8e00000, 0x00000000cc900000, 0x00000000eda00000)
  object space 60416K, 37% used [0x00000000c8e00000,0x00000000ca42faa8,0x00000000cc900000)
 Metaspace       used 38258K, capacity 39508K, committed 39936K, reserved 1083392K
  class space    used 4969K, capacity 5252K, committed 5376K, reserved 1048576K
Event: 250793.460 GC heap after
Heap after GC invocations=29 (full 3):
 PSYoungGen      total 237056K, used 1110K [0x00000000eda00000, 0x00000000fe100000, 0x0000000100000000)
  eden space 235520K, 0% used [0x00000000eda00000,0x00000000eda00000,0x00000000fc000000)
  from space 1536K, 72% used [0x00000000fdf80000,0x00000000fe095ac8,0x00000000fe100000)
  to   space 15872K, 0% used [0x00000000fc200000,0x00000000fc200000,0x00000000fd180000)
 ParOldGen       total 60416K, used 22718K [0x00000000c8e00000, 0x00000000cc900000, 0x00000000eda00000)
  object space 60416K, 37% used [0x00000000c8e00000,0x00000000ca42faa8,0x00000000cc900000)
 Metaspace       used 38258K, capacity 39508K, committed 39936K, reserved 1083392K
  class space    used 4969K, capacity 5252K, committed 5376K, reserved 1048576K
}
Event: 250970.473 GC heap before
{Heap before GC invocations=30 (full 3):
 PSYoungGen      total 237056K, used 236630K [0x00000000eda00000, 0x00000000fe100000, 0x0000000100000000)
  eden space 235520K, 100% used [0x00000000eda00000,0x00000000fc000000,0x00000000fc000000)
  from space 1536K, 72% used [0x00000000fdf80000,0x00000000fe095ac8,0x00000000fe100000)
  to   space 15872K, 0% used [0x00000000fc200000,0x00000000fc200000,0x00000000fd180000)
 ParOldGen       total 60416K, used 22718K [0x00000000c8e00000, 0x00000000cc900000, 0x00000000eda00000)
  object space 60416K, 37% used [0x00000000c8e00000,0x00000000ca42faa8,0x00000000cc900000)
 Metaspace       used 38305K, capacity 39650K, committed 39936K, reserved 1083392K
  class space    used 4972K, capacity 5257K, committed 5376K, reserved 1048576K
Event: 250970.487 GC heap after
Heap after GC invocations=30 (full 3):
 PSYoungGen      total 226816K, used 1382K [0x00000000eda00000, 0x00000000fe000000, 0x0000000100000000)
  eden space 225280K, 0% used [0x00000000eda00000,0x00000000eda00000,0x00000000fb600000)
  from space 1536K, 89% used [0x00000000fc200000,0x00000000fc359998,0x00000000fc380000)
  to   space 15360K, 0% used [0x00000000fd100000,0x00000000fd100000,0x00000000fe000000)
 ParOldGen       total 60416K, used 23404K [0x00000000c8e00000, 0x00000000cc900000, 0x00000000eda00000)
  object space 60416K, 38% used [0x00000000c8e00000,0x00000000ca4db0d0,0x00000000cc900000)
 Metaspace       used 38305K, capacity 39650K, committed 39936K, reserved 1083392K
  class space    used 4972K, capacity 5257K, committed 5376K, reserved 1048576K
}
Event: 251838.013 GC heap before
{Heap before GC invocations=31 (full 3):
 PSYoungGen      total 226816K, used 226662K [0x00000000eda00000, 0x00000000fe000000, 0x0000000100000000)
  eden space 225280K, 100% used [0x00000000eda00000,0x00000000fb600000,0x00000000fb600000)
  from space 1536K, 89% used [0x00000000fc200000,0x00000000fc359998,0x00000000fc380000)
  to   space 15360K, 0% used [0x00000000fd100000,0x00000000fd100000,0x00000000fe000000)
 ParOldGen       total 60416K, used 23404K [0x00000000c8e00000, 0x00000000cc900000, 0x00000000eda00000)
  object space 60416K, 38% used [0x00000000c8e00000,0x00000000ca4db0d0,0x00000000cc900000)
 Metaspace       used 38351K, capacity 39650K, committed 39936K, reserved 1083392K
  class space    used 4972K, capacity 5257K, committed 5376K, reserved 1048576K
Event: 251838.028 GC heap after
Heap after GC invocations=31 (full 3):
 PSYoungGen      total 216576K, used 550K [0x00000000eda00000, 0x00000000fd200000, 0x0000000100000000)
  eden space 215552K, 0% used [0x00000000eda00000,0x00000000eda00000,0x00000000fac80000)
  from space 1024K, 53% used [0x00000000fd100000,0x00000000fd1899d0,0x00000000fd200000)
  to   space 14848K, 0% used [0x00000000fb500000,0x00000000fb500000,0x00000000fc380000)
 ParOldGen       total 60416K, used 23655K [0x00000000c8e00000, 0x00000000cc900000, 0x00000000eda00000)
  object space 60416K, 39% used [0x00000000c8e00000,0x00000000ca519c98,0x00000000cc900000)
 Metaspace       used 38351K, capacity 39650K, committed 39936K, reserved 1083392K
  class space    used 4972K, capacity 5257K, committed 5376K, reserved 1048576K
}
Event: 252724.179 GC heap before
{Heap before GC invocations=32 (full 3):
 PSYoungGen      total 216576K, used 216102K [0x00000000eda00000, 0x00000000fd200000, 0x0000000100000000)
  eden space 215552K, 100% used [0x00000000eda00000,0x00000000fac80000,0x00000000fac80000)
  from space 1024K, 53% used [0x00000000fd100000,0x00000000fd1899d0,0x00000000fd200000)
  to   space 14848K, 0% used [0x00000000fb500000,0x00000000fb500000,0x00000000fc380000)
 ParOldGen       total 60416K, used 23655K [0x00000000c8e00000, 0x00000000cc900000, 0x00000000eda00000)
  object space 60416K, 39% used [0x00000000c8e00000,0x00000000ca519ed0,0x00000000cc900000)
 Metaspace       used 38358K, capacity 39658K, committed 39936K, reserved 1083392K
  class space    used 4973K, capacity 5259K, committed 5376K, reserved 1048576K
Event: 252724.186 GC heap after
Heap after GC invocations=32 (full 3):
 PSYoungGen      total 221184K, used 350K [0x00000000eda00000, 0x00000000fd180000, 0x0000000100000000)
  eden space 206336K, 0% used [0x00000000eda00000,0x00000000eda00000,0x00000000fa380000)
  from space 14848K, 2% used [0x00000000fb500000,0x00000000fb557910,0x00000000fc380000)
  to   space 14336K, 0% used [0x00000000fc380000,0x00000000fc380000,0x00000000fd180000)
 ParOldGen       total 60416K, used 23655K [0x00000000c8e00000, 0x00000000cc900000, 0x00000000eda00000)
  object space 60416K, 39% used [0x00000000c8e00000,0x00000000ca519ed0,0x00000000cc900000)
 Metaspace       used 38358K, capacity 39658K, committed 39936K, reserved 1083392K
  class space    used 4973K, capacity 5259K, committed 5376K, reserved 1048576K
}
Event: 253009.129 GC heap before
{Heap before GC invocations=33 (full 3):
 PSYoungGen      total 221184K, used 206686K [0x00000000eda00000, 0x00000000fd180000, 0x0000000100000000)
  eden space 206336K, 100% used [0x00000000eda00000,0x00000000fa380000,0x00000000fa380000)
  from space 14848K, 2% used [0x00000000fb500000,0x00000000fb557910,0x00000000fc380000)
  to   space 14336K, 0% used [0x00000000fc380000,0x00000000fc380000,0x00000000fd180000)
 ParOldGen       total 60416K, used 23658K [0x00000000c8e00000, 0x00000000cc900000, 0x00000000eda00000)
  object space 60416K, 39% used [0x00000000c8e00000,0x00000000ca51ab88,0x00000000cc900000)
 Metaspace       used 38444K, capacity 39734K, committed 39936K, reserved 1083392K
  class space    used 4976K, capacity 5261K, committed 5376K, reserved 1048576K
Event: 253009.152 GC heap after
Heap after GC invocations=33 (full 3):
 PSYoungGen      total 211456K, used 13592K [0x00000000eda00000, 0x00000000fd100000, 0x0000000100000000)
  eden space 197632K, 0% used [0x00000000eda00000,0x00000000eda00000,0x00000000f9b00000)
  from space 13824K, 98% used [0x00000000fc380000,0x00000000fd0c6228,0x00000000fd100000)
  to   space 17408K, 0% used [0x00000000faf00000,0x00000000faf00000,0x00000000fc000000)
 ParOldGen       total 60416K, used 27241K [0x00000000c8e00000, 0x00000000cc900000, 0x00000000eda00000)
  object space 60416K, 45% used [0x00000000c8e00000,0x00000000ca89a7e8,0x00000000cc900000)
 Metaspace       used 38444K, capacity 39734K, committed 39936K, reserved 1083392K
  class space    used 4976K, capacity 5261K, committed 5376K, reserved 1048576K
}

